2023.02.11 10:38:04 INFO  tracing is disabled for protocol LSP, to enable tracing of incoming and outgoing JSON messages create an empty file at d:\DEVOPS\projets\fonctionnelle\projet\projet\funprog-al\.metals\lsp.trace.json or C:\Users\Nelson FOMEKONG\AppData\Local\scalameta\metals\cache\lsp.trace.json
2023.02.11 10:38:05 INFO  logging to file D:\DEVOPS\projets\fonctionnelle\projet\projet\funprog-al\.metals\metals.log
2023.02.11 10:38:05 INFO  Started: Metals version 0.11.10 in workspace 'D:\DEVOPS\projets\fonctionnelle\projet\projet\funprog-al' for client Visual Studio Code 1.75.1.
SLF4J: No SLF4J providers were found.
SLF4J: Defaulting to no-operation (NOP) logger implementation
SLF4J: See https://www.slf4j.org/codes.html#noProviders for further details.
SLF4J: Class path contains SLF4J bindings targeting slf4j-api versions 1.7.x or earlier.
SLF4J: Ignoring binding found at [jar:file:/C:/Users/Nelson%20FOMEKONG/AppData/Local/Coursier/cache/v1/https/repo1.maven.org/maven2/com/outr/scribe-slf4j_2.13/3.10.5/scribe-slf4j_2.13-3.10.5.jar!/org/slf4j/impl/StaticLoggerBinder.class]
SLF4J: See https://www.slf4j.org/codes.html#ignoredBindings for an explanation.
2023.02.11 10:38:06 INFO  time: initialize in 1.25s
2023.02.11 10:38:09 WARN  Build server is not auto-connectable.
2023.02.11 10:38:09 WARN  no build target for: D:\DEVOPS\projets\fonctionnelle\projet\projet\funprog-al\build.sbt
2023.02.11 10:38:19 INFO  no build target found for D:\DEVOPS\projets\fonctionnelle\projet\projet\funprog-al\build.sbt. Using presentation compiler with project's scala-library version: 3.2.1
2023.02.11 10:38:19 INFO  running 'C:\Program Files\Java\jdk-19\bin\java -Djline.terminal=jline.UnsupportedTerminal -Dsbt.log.noformat=true -Dfile.encoding=UTF-8 -jar C:\Users\NELSON~1\AppData\Local\Temp\metals16484483515721579211\sbt-launch.jar -Dbloop.export-jar-classifiers=sources bloopInstall'
2023.02.11 10:38:21 ERROR java.lang.UnsupportedOperationException: The Security Manager is deprecated and will be removed in a future release
2023.02.11 10:38:21 ERROR 	at java.base/java.lang.System.setSecurityManager(System.java:425)
2023.02.11 10:38:21 ERROR 	at sbt.TrapExit$.installManager(TrapExit.scala:54)
2023.02.11 10:38:21 ERROR 	at sbt.StandardMain$.runManaged(Main.scala:184)
2023.02.11 10:38:21 ERROR 	at sbt.xMain$.$anonfun$run$6(Main.scala:100)
2023.02.11 10:38:21 ERROR 	at sbt.internal.util.Terminal$.withStreams(Terminal.scala:368)
2023.02.11 10:38:21 ERROR 	at sbt.xMain$.run(Main.scala:83)
2023.02.11 10:38:21 ERROR 	at java.base/jdk.internal.reflect.DirectMethodHandleAccessor.invoke(DirectMethodHandleAccessor.java:104)
2023.02.11 10:38:21 ERROR 	at java.base/java.lang.reflect.Method.invoke(Method.java:578)
2023.02.11 10:38:21 ERROR 	at sbt.internal.XMainConfiguration.run(XMainConfiguration.scala:83)
2023.02.11 10:38:21 ERROR 	at sbt.xMain.run(Main.scala:46)
2023.02.11 10:38:21 ERROR 	at xsbt.boot.Launch$$anonfun$run$1.apply(Launch.scala:111)
2023.02.11 10:38:21 ERROR 	at xsbt.boot.Launch$.withContextLoader(Launch.scala:131)
2023.02.11 10:38:21 ERROR 	at xsbt.boot.Launch$.run(Launch.scala:111)
2023.02.11 10:38:21 ERROR 	at xsbt.boot.Launch$$anonfun$apply$1.apply(Launch.scala:37)
2023.02.11 10:38:21 ERROR 	at xsbt.boot.Launch$.launch(Launch.scala:120)
2023.02.11 10:38:21 ERROR 	at xsbt.boot.Launch$.apply(Launch.scala:20)
2023.02.11 10:38:21 ERROR 	at xsbt.boot.Boot$.runImpl(Boot.scala:56)
2023.02.11 10:38:21 ERROR 	at xsbt.boot.Boot$.main(Boot.scala:18)
2023.02.11 10:38:21 ERROR 	at xsbt.boot.Boot.main(Boot.scala)
2023.02.11 10:38:21 ERROR [error] [launcher] error during sbt launcher: java.lang.UnsupportedOperationException: The Security Manager is deprecated and will be removed in a future release
2023.02.11 10:38:21 INFO  time: ran 'sbt bloopInstall' in 1.58s
2023.02.11 10:38:21 ERROR sbt command failed: C:\Program Files\Java\jdk-19\bin\java -Djline.terminal=jline.UnsupportedTerminal -Dsbt.log.noformat=true -Dfile.encoding=UTF-8 -jar C:\Users\NELSON~1\AppData\Local\Temp\metals16484483515721579211\sbt-launch.jar -Dbloop.export-jar-classifiers=sources bloopInstall
2023.02.11 10:44:58 INFO  tracing is disabled for protocol LSP, to enable tracing of incoming and outgoing JSON messages create an empty file at d:\DEVOPS\projets\fonctionnelle\projet\projet\funprog-al\.metals\lsp.trace.json or C:\Users\Nelson FOMEKONG\AppData\Local\scalameta\metals\cache\lsp.trace.json
2023.02.11 10:44:58 INFO  logging to file D:\DEVOPS\projets\fonctionnelle\projet\projet\funprog-al\.metals\metals.log
2023.02.11 10:44:58 INFO  Started: Metals version 0.11.10 in workspace 'D:\DEVOPS\projets\fonctionnelle\projet\projet\funprog-al' for client Visual Studio Code 1.75.1.
SLF4J: No SLF4J providers were found.
SLF4J: Defaulting to no-operation (NOP) logger implementation
SLF4J: See https://www.slf4j.org/codes.html#noProviders for further details.
SLF4J: Class path contains SLF4J bindings targeting slf4j-api versions 1.7.x or earlier.
SLF4J: Ignoring binding found at [jar:file:/C:/Users/Nelson%20FOMEKONG/AppData/Local/Coursier/cache/v1/https/repo1.maven.org/maven2/com/outr/scribe-slf4j_2.13/3.10.5/scribe-slf4j_2.13-3.10.5.jar!/org/slf4j/impl/StaticLoggerBinder.class]
SLF4J: See https://www.slf4j.org/codes.html#ignoredBindings for an explanation.
2023.02.11 10:45:03 INFO  time: initialize in 4.69s
2023.02.11 10:45:04 WARN  Build server is not auto-connectable.
2023.02.11 10:45:05 INFO  skipping build import with status 'Failed'
2023.02.11 13:27:43 WARN  no build target for: D:\DEVOPS\projets\fonctionnelle\projet\projet\funprog-al\src\main\scala\progfun\Main.scala
2023.02.11 13:27:47 INFO  no build target found for D:\DEVOPS\projets\fonctionnelle\projet\projet\funprog-al\src\main\scala\progfun\Main.scala. Using presentation compiler with project's scala-library version: 3.2.1
2023.02.11 13:27:49 INFO  time: code lens generation in 4.7s
2023.02.11 13:28:15 WARN  no build target for: D:\DEVOPS\projets\fonctionnelle\projet\projet\funprog-al\src\main\scala\progfun\Main.scala
2023.02.11 13:28:21 WARN  no build target for: D:\DEVOPS\projets\fonctionnelle\projet\projet\funprog-al\src\main\scala\progfun\Main.scala
févr. 11, 2023 1:28:21 PM org.eclipse.lsp4j.jsonrpc.RemoteEndpoint fallbackResponseError
SEVERE: Internal error: scala.meta.internal.metals.debug.BuildTargetNotFoundForPathException: No build target could be found for the path: D:\DEVOPS\projets\fonctionnelle\projet\projet\funprog-al\src\main\scala\progfun\Main.scala
java.util.concurrent.CompletionException: scala.meta.internal.metals.debug.BuildTargetNotFoundForPathException: No build target could be found for the path: D:\DEVOPS\projets\fonctionnelle\projet\projet\funprog-al\src\main\scala\progfun\Main.scala
	at java.base/java.util.concurrent.CompletableFuture.encodeThrowable(CompletableFuture.java:332)
	at java.base/java.util.concurrent.CompletableFuture.uniAcceptNow(CompletableFuture.java:747)
	at java.base/java.util.concurrent.CompletableFuture.uniAcceptStage(CompletableFuture.java:735)
	at java.base/java.util.concurrent.CompletableFuture.thenAcceptAsync(CompletableFuture.java:2218)
	at scala.concurrent.java8.FuturesConvertersImpl$CF.thenAccept(FutureConvertersImpl.scala:37)
	at org.eclipse.lsp4j.jsonrpc.RemoteEndpoint.handleRequest(RemoteEndpoint.java:279)
	at org.eclipse.lsp4j.jsonrpc.RemoteEndpoint.consume(RemoteEndpoint.java:190)
	at org.eclipse.lsp4j.jsonrpc.json.StreamMessageProducer.handleMessage(StreamMessageProducer.java:194)
	at org.eclipse.lsp4j.jsonrpc.json.StreamMessageProducer.listen(StreamMessageProducer.java:94)
	at org.eclipse.lsp4j.jsonrpc.json.ConcurrentMessageProcessor.run(ConcurrentMessageProcessor.java:113)
	at java.base/java.util.concurrent.Executors$RunnableAdapter.call(Executors.java:577)
	at java.base/java.util.concurrent.FutureTask.run(FutureTask.java:317)
	at java.base/java.util.concurrent.ThreadPoolExecutor.runWorker(ThreadPoolExecutor.java:1144)
	at java.base/java.util.concurrent.ThreadPoolExecutor$Worker.run(ThreadPoolExecutor.java:642)
	at java.base/java.lang.Thread.run(Thread.java:1589)
Caused by: scala.meta.internal.metals.debug.BuildTargetNotFoundForPathException: No build target could be found for the path: D:\DEVOPS\projets\fonctionnelle\projet\projet\funprog-al\src\main\scala\progfun\Main.scala
	at scala.meta.internal.metals.debug.DebugProvider.debugDiscovery(DebugProvider.scala:400)
	at scala.meta.internal.metals.MetalsLanguageServer.executeCommand(MetalsLanguageServer.scala:2012)
	at java.base/jdk.internal.reflect.DirectMethodHandleAccessor.invoke(DirectMethodHandleAccessor.java:104)
	at java.base/java.lang.reflect.Method.invoke(Method.java:578)
	at org.eclipse.lsp4j.jsonrpc.services.GenericEndpoint.lambda$null$0(GenericEndpoint.java:65)
	at org.eclipse.lsp4j.jsonrpc.services.GenericEndpoint.request(GenericEndpoint.java:120)
	at org.eclipse.lsp4j.jsonrpc.RemoteEndpoint.handleRequest(RemoteEndpoint.java:261)
	... 9 more

2023.02.11 13:29:19 WARN  no build target for: D:\DEVOPS\projets\fonctionnelle\projet\projet\funprog-al\src\main\scala\progfun\Main.scala
2023.02.11 14:16:19 INFO  shutting down Metals
2023.02.13 03:55:01 INFO  tracing is disabled for protocol LSP, to enable tracing of incoming and outgoing JSON messages create an empty file at d:\DEVOPS\projets\fonctionnelle\projet\projet\funprog-al\.metals\lsp.trace.json or C:\Users\Nelson FOMEKONG\AppData\Local\scalameta\metals\cache\lsp.trace.json
2023.02.13 03:55:02 INFO  logging to file D:\DEVOPS\projets\fonctionnelle\projet\projet\funprog-al\.metals\metals.log
2023.02.13 03:55:02 INFO  Started: Metals version 0.11.10 in workspace 'D:\DEVOPS\projets\fonctionnelle\projet\projet\funprog-al' for client Visual Studio Code 1.75.1.
SLF4J: No SLF4J providers were found.
SLF4J: Defaulting to no-operation (NOP) logger implementation
SLF4J: See https://www.slf4j.org/codes.html#noProviders for further details.
SLF4J: Class path contains SLF4J bindings targeting slf4j-api versions 1.7.x or earlier.
SLF4J: Ignoring binding found at [jar:file:/C:/Users/Nelson%20FOMEKONG/AppData/Local/Coursier/cache/v1/https/repo1.maven.org/maven2/com/outr/scribe-slf4j_2.13/3.10.5/scribe-slf4j_2.13-3.10.5.jar!/org/slf4j/impl/StaticLoggerBinder.class]
SLF4J: See https://www.slf4j.org/codes.html#ignoredBindings for an explanation.
2023.02.13 03:55:03 INFO  time: initialize in 1.68s
2023.02.13 03:55:05 WARN  Build server is not auto-connectable.
2023.02.13 03:55:06 INFO  skipping build import with status 'Failed'
